<?xml version="1.0" encoding="UTF-8"?>
<!-- Generated by org.testng.reporters.JUnitReportReporter -->
<testsuite hostname="Yogesh-PC" name="com.clogic.SeleniumFramework.ClassTest" tests="1" failures="0" timestamp="29 Oct 2012 12:43:17 GMT" time="99.655" errors="0">
  <testcase name="newAccountCreationTest" time="99.655" classname="com.clogic.SeleniumFramework.ClassTest"/>
</testsuite> <!-- com.clogic.SeleniumFramework.ClassTest -->
