<?xml version="1.0" encoding="UTF-8"?>
<!-- Generated by org.testng.reporters.JUnitReportReporter -->
<testsuite hostname="SACHIN" name="com.clogic.SeleniumFramework.ClassTest" tests="1" failures="0" timestamp="15 Oct 2012 10:22:05 GMT" time="15.921" errors="0">
  <testcase name="addLeadListTest" time="15.921" classname="com.clogic.SeleniumFramework.ClassTest"/>
</testsuite> <!-- com.clogic.SeleniumFramework.ClassTest -->
